mode: atomic
github.com/gmtstephane/kpture/pkg/proxy/proxy.go:29.105,40.2 3 1
github.com/gmtstephane/kpture/pkg/proxy/proxy.go:42.35,46.2 3 3
github.com/gmtstephane/kpture/pkg/proxy/proxy.go:48.30,52.2 3 1
github.com/gmtstephane/kpture/pkg/proxy/proxy.go:54.84,60.12 4 1
github.com/gmtstephane/kpture/pkg/proxy/proxy.go:68.2,68.6 1 1
github.com/gmtstephane/kpture/pkg/proxy/proxy.go:60.12,63.61 3 1
github.com/gmtstephane/kpture/pkg/proxy/proxy.go:63.61,65.4 1 0
github.com/gmtstephane/kpture/pkg/proxy/proxy.go:68.6,70.17 2 4
github.com/gmtstephane/kpture/pkg/proxy/proxy.go:77.3,77.21 1 3
github.com/gmtstephane/kpture/pkg/proxy/proxy.go:70.17,71.30 1 1
github.com/gmtstephane/kpture/pkg/proxy/proxy.go:74.4,74.52 1 1
github.com/gmtstephane/kpture/pkg/proxy/proxy.go:71.30,73.5 1 0
github.com/gmtstephane/kpture/pkg/proxy/proxy.go:77.21,78.11 1 3
github.com/gmtstephane/kpture/pkg/proxy/proxy.go:79.29,79.29 0 3
github.com/gmtstephane/kpture/pkg/proxy/proxy.go:80.12,81.32 1 0
github.com/gmtstephane/kpture/pkg/proxy/proxy.go:87.86,90.2 2 1
github.com/gmtstephane/kpture/pkg/proxy/proxy.go:92.100,95.6 3 1
github.com/gmtstephane/kpture/pkg/proxy/proxy.go:95.6,96.10 1 3
github.com/gmtstephane/kpture/pkg/proxy/proxy.go:97.34,100.14 3 1
github.com/gmtstephane/kpture/pkg/proxy/proxy.go:101.25,103.18 2 2
github.com/gmtstephane/kpture/pkg/proxy/proxy.go:103.18,104.31 1 0
github.com/gmtstephane/kpture/pkg/proxy/proxy.go:107.5,107.53 1 0
github.com/gmtstephane/kpture/pkg/proxy/proxy.go:104.31,106.6 1 0
github.com/gmtstephane/kpture/pkg/k8s/proxy_setup.go:21.69,64.16 4 4
github.com/gmtstephane/kpture/pkg/k8s/proxy_setup.go:68.2,70.6 3 3
github.com/gmtstephane/kpture/pkg/k8s/proxy_setup.go:64.16,66.3 1 1
github.com/gmtstephane/kpture/pkg/k8s/proxy_setup.go:70.6,71.10 1 2580207
github.com/gmtstephane/kpture/pkg/k8s/proxy_setup.go:72.21,73.24 1 1
github.com/gmtstephane/kpture/pkg/k8s/proxy_setup.go:74.11,76.24 2 2580206
github.com/gmtstephane/kpture/pkg/k8s/proxy_setup.go:79.4,79.39 1 2580205
github.com/gmtstephane/kpture/pkg/k8s/proxy_setup.go:76.24,78.5 1 1
github.com/gmtstephane/kpture/pkg/k8s/proxy_setup.go:79.39,81.5 1 1
github.com/gmtstephane/kpture/pkg/k8s/proxy_setup.go:86.57,88.2 1 2
github.com/gmtstephane/kpture/pkg/k8s/client.go:28.55,35.16 4 1
github.com/gmtstephane/kpture/pkg/k8s/client.go:39.2,40.16 2 1
github.com/gmtstephane/kpture/pkg/k8s/client.go:43.2,45.16 3 1
github.com/gmtstephane/kpture/pkg/k8s/client.go:49.2,49.21 1 1
github.com/gmtstephane/kpture/pkg/k8s/client.go:55.2,59.8 1 1
github.com/gmtstephane/kpture/pkg/k8s/client.go:35.16,37.3 1 0
github.com/gmtstephane/kpture/pkg/k8s/client.go:40.16,42.3 1 0
github.com/gmtstephane/kpture/pkg/k8s/client.go:45.16,47.3 1 0
github.com/gmtstephane/kpture/pkg/k8s/client.go:49.21,51.22 2 1
github.com/gmtstephane/kpture/pkg/k8s/client.go:51.22,53.4 1 0
github.com/gmtstephane/kpture/pkg/k8s/client.go:66.73,68.16 2 5
github.com/gmtstephane/kpture/pkg/k8s/client.go:71.2,71.9 1 4
github.com/gmtstephane/kpture/pkg/k8s/client.go:74.2,75.36 2 3
github.com/gmtstephane/kpture/pkg/k8s/client.go:80.2,80.18 1 3
github.com/gmtstephane/kpture/pkg/k8s/client.go:68.16,70.3 1 1
github.com/gmtstephane/kpture/pkg/k8s/client.go:71.9,73.3 1 1
github.com/gmtstephane/kpture/pkg/k8s/client.go:75.36,76.32 1 6
github.com/gmtstephane/kpture/pkg/k8s/client.go:76.32,78.4 1 3
github.com/gmtstephane/kpture/pkg/k8s/client.go:83.47,84.26 1 6
github.com/gmtstephane/kpture/pkg/k8s/client.go:89.2,89.14 1 3
github.com/gmtstephane/kpture/pkg/k8s/client.go:84.26,85.13 1 5
github.com/gmtstephane/kpture/pkg/k8s/client.go:85.13,87.4 1 3
github.com/gmtstephane/kpture/pkg/k8s/ephemeral.go:28.92,38.12 9 3
github.com/gmtstephane/kpture/pkg/k8s/ephemeral.go:46.2,46.33 1 3
github.com/gmtstephane/kpture/pkg/k8s/ephemeral.go:53.2,56.23 4 3
github.com/gmtstephane/kpture/pkg/k8s/ephemeral.go:63.2,63.12 1 1
github.com/gmtstephane/kpture/pkg/k8s/ephemeral.go:38.12,39.7 1 3
github.com/gmtstephane/kpture/pkg/k8s/ephemeral.go:39.7,43.4 3 6
github.com/gmtstephane/kpture/pkg/k8s/ephemeral.go:46.33,48.13 2 3
github.com/gmtstephane/kpture/pkg/k8s/ephemeral.go:48.13,51.4 2 3
github.com/gmtstephane/kpture/pkg/k8s/ephemeral.go:56.23,58.17 2 2
github.com/gmtstephane/kpture/pkg/k8s/ephemeral.go:58.17,61.4 2 2
github.com/gmtstephane/kpture/pkg/k8s/ephemeral.go:66.119,69.16 3 7
github.com/gmtstephane/kpture/pkg/k8s/ephemeral.go:75.2,77.6 3 3
github.com/gmtstephane/kpture/pkg/k8s/ephemeral.go:69.16,72.3 2 4
github.com/gmtstephane/kpture/pkg/k8s/ephemeral.go:77.6,78.10 1 4
github.com/gmtstephane/kpture/pkg/k8s/ephemeral.go:79.21,81.10 2 1
github.com/gmtstephane/kpture/pkg/k8s/ephemeral.go:82.11,84.24 2 3
github.com/gmtstephane/kpture/pkg/k8s/ephemeral.go:88.4,88.62 1 3
github.com/gmtstephane/kpture/pkg/k8s/ephemeral.go:96.4,96.30 1 1
github.com/gmtstephane/kpture/pkg/k8s/ephemeral.go:84.24,87.5 2 0
github.com/gmtstephane/kpture/pkg/k8s/ephemeral.go:88.62,89.40 1 2
github.com/gmtstephane/kpture/pkg/k8s/ephemeral.go:89.40,90.34 1 2
github.com/gmtstephane/kpture/pkg/k8s/ephemeral.go:90.34,93.7 1 2
github.com/gmtstephane/kpture/pkg/k8s/ephemeral.go:101.91,105.16 2 10
github.com/gmtstephane/kpture/pkg/k8s/ephemeral.go:109.2,112.16 3 7
github.com/gmtstephane/kpture/pkg/k8s/ephemeral.go:116.2,116.12 1 4
github.com/gmtstephane/kpture/pkg/k8s/ephemeral.go:105.16,107.3 1 3
github.com/gmtstephane/kpture/pkg/k8s/ephemeral.go:112.16,114.3 1 3
github.com/gmtstephane/kpture/pkg/k8s/ephemeral.go:119.71,139.2 5 7
github.com/gmtstephane/kpture/pkg/k8s/options.go:24.35,29.2 1 5
github.com/gmtstephane/kpture/pkg/k8s/options.go:31.46,33.23 2 3
github.com/gmtstephane/kpture/pkg/k8s/options.go:36.2,36.13 1 3
github.com/gmtstephane/kpture/pkg/k8s/options.go:33.23,35.3 1 3
github.com/gmtstephane/kpture/pkg/k8s/options.go:39.39,40.37 1 1
github.com/gmtstephane/kpture/pkg/k8s/options.go:40.37,43.3 2 1
github.com/gmtstephane/kpture/pkg/k8s/options.go:46.54,47.37 1 1
github.com/gmtstephane/kpture/pkg/k8s/options.go:47.37,50.3 2 1
github.com/gmtstephane/kpture/pkg/k8s/options.go:53.44,54.37 1 1
github.com/gmtstephane/kpture/pkg/k8s/options.go:54.37,57.3 2 1
github.com/gmtstephane/kpture/pkg/k8s/options.go:80.35,88.2 1 5
github.com/gmtstephane/kpture/pkg/k8s/options.go:90.46,92.23 2 4
github.com/gmtstephane/kpture/pkg/k8s/options.go:95.2,95.13 1 4
github.com/gmtstephane/kpture/pkg/k8s/options.go:92.23,94.3 1 8
github.com/gmtstephane/kpture/pkg/k8s/options.go:98.53,101.2 2 1
github.com/gmtstephane/kpture/pkg/k8s/options.go:103.52,106.2 2 1
github.com/gmtstephane/kpture/pkg/k8s/options.go:108.41,109.37 1 1
github.com/gmtstephane/kpture/pkg/k8s/options.go:109.37,112.3 2 1
github.com/gmtstephane/kpture/pkg/k8s/options.go:115.44,116.37 1 1
github.com/gmtstephane/kpture/pkg/k8s/options.go:116.37,119.3 2 1
github.com/gmtstephane/kpture/pkg/k8s/options.go:122.41,123.37 1 1
github.com/gmtstephane/kpture/pkg/k8s/options.go:123.37,126.3 2 1
github.com/gmtstephane/kpture/pkg/k8s/options.go:129.56,130.37 1 1
github.com/gmtstephane/kpture/pkg/k8s/options.go:130.37,133.3 2 1
github.com/gmtstephane/kpture/pkg/k8s/options.go:136.54,137.37 1 3
github.com/gmtstephane/kpture/pkg/k8s/options.go:137.37,140.3 2 3
github.com/gmtstephane/kpture/pkg/k8s/options.go:143.39,144.37 1 1
github.com/gmtstephane/kpture/pkg/k8s/options.go:144.37,147.3 2 1
github.com/gmtstephane/kpture/pkg/k8s/port_forward.go:30.44,32.16 2 1
github.com/gmtstephane/kpture/pkg/k8s/port_forward.go:36.2,38.16 3 1
github.com/gmtstephane/kpture/pkg/k8s/port_forward.go:42.2,57.16 3 1
github.com/gmtstephane/kpture/pkg/k8s/port_forward.go:62.2,62.22 1 1
github.com/gmtstephane/kpture/pkg/k8s/port_forward.go:32.16,34.3 1 0
github.com/gmtstephane/kpture/pkg/k8s/port_forward.go:38.16,40.3 1 0
github.com/gmtstephane/kpture/pkg/k8s/port_forward.go:57.16,60.3 2 0
github.com/gmtstephane/kpture/pkg/k8s/port_forward.go:65.91,68.12 2 3
github.com/gmtstephane/kpture/pkg/k8s/port_forward.go:75.2,77.6 3 3
github.com/gmtstephane/kpture/pkg/k8s/port_forward.go:68.12,70.17 2 3
github.com/gmtstephane/kpture/pkg/k8s/port_forward.go:70.17,72.4 1 1
github.com/gmtstephane/kpture/pkg/k8s/port_forward.go:77.6,78.10 1 3
github.com/gmtstephane/kpture/pkg/k8s/port_forward.go:79.21,80.57 1 1
github.com/gmtstephane/kpture/pkg/k8s/port_forward.go:81.32,82.21 1 1
github.com/gmtstephane/kpture/pkg/k8s/port_forward.go:83.18,84.14 1 1
github.com/gmtstephane/kpture/pkg/k8s/port_forward.go:90.33,92.16 2 1
github.com/gmtstephane/kpture/pkg/k8s/port_forward.go:96.2,97.16 2 1
github.com/gmtstephane/kpture/pkg/k8s/port_forward.go:100.2,101.42 2 1
github.com/gmtstephane/kpture/pkg/k8s/port_forward.go:92.16,94.3 1 0
github.com/gmtstephane/kpture/pkg/k8s/port_forward.go:97.16,99.3 1 0
